<?xml version="1.0" encoding="UTF-8"?>
<testng-results ignored="0" total="1" passed="1" failed="0" skipped="0">
  <reporter-output>
  </reporter-output>
  <suite started-at="2024-02-08T19:51:29 IST" name="Default suite" finished-at="2024-02-08T19:51:35 IST" duration-ms="6324">
    <groups>
    </groups>
    <test started-at="2024-02-08T19:51:29 IST" name="Default test" finished-at="2024-02-08T19:51:35 IST" duration-ms="6324">
      <class name="com.test.logintest">
        <test-method is-config="true" signature="beforeMethod()[pri:0, instance:com.test.logintest@3c130745]" started-at="2024-02-08T19:51:29 IST" name="beforeMethod" finished-at="2024-02-08T19:51:32 IST" duration-ms="3312" status="PASS">
          <reporter-output>
          </reporter-output>
        </test-method> <!-- beforeMethod -->
        <test-method signature="facebook()[pri:0, instance:com.test.logintest@3c130745]" started-at="2024-02-08T19:51:32 IST" name="facebook" finished-at="2024-02-08T19:51:35 IST" duration-ms="2972" status="PASS">
          <reporter-output>
          </reporter-output>
        </test-method> <!-- facebook -->
        <test-method is-config="true" signature="afterMethod()[pri:0, instance:com.test.logintest@3c130745]" started-at="2024-02-08T19:51:35 IST" name="afterMethod" finished-at="2024-02-08T19:51:35 IST" duration-ms="1" status="PASS">
          <reporter-output>
          </reporter-output>
        </test-method> <!-- afterMethod -->
      </class> <!-- com.test.logintest -->
    </test> <!-- Default test -->
  </suite> <!-- Default suite -->
</testng-results>
